[    71.514] (--) Log file renamed from "/home/hwajung/.local/share/xorg/Xorg.pid-1184.log" to "/home/hwajung/.local/share/xorg/Xorg.0.log"
[    71.522] 
X.Org X Server 1.20.11
X Protocol Version 11, Revision 0
[    71.522] Build Operating System: linux Ubuntu
[    71.522] Current Operating System: Linux hwajung-VirtualBox 5.11.0-37-generic #41~20.04.2-Ubuntu SMP Fri Sep 24 09:06:38 UTC 2021 x86_64
[    71.522] Kernel command line: BOOT_IMAGE=/boot/vmlinuz-5.11.0-37-generic root=UUID=6accea61-3547-4389-932c-bc2a95685a03 ro quiet splash
[    71.523] Build Date: 06 July 2021  10:17:51AM
[    71.523] xorg-server 2:1.20.11-1ubuntu1~20.04.2 (For technical support please see http://www.ubuntu.com/support) 
[    71.523] Current version of pixman: 0.38.4
[    71.523] 	Before reporting problems, check http://wiki.x.org
	to make sure that you have the latest version.
[    71.523] Markers: (--) probed, (**) from config file, (==) default setting,
	(++) from command line, (!!) notice, (II) informational,
	(WW) warning, (EE) error, (NI) not implemented, (??) unknown.
[    71.525] (==) Log file: "/home/hwajung/.local/share/xorg/Xorg.0.log", Time: Wed Oct 13 15:02:44 2021
[    71.528] (==) Using system config directory "/usr/share/X11/xorg.conf.d"
[    71.538] (==) No Layout section.  Using the first Screen section.
[    71.539] (==) No screen section available. Using defaults.
[    71.539] (**) |-->Screen "Default Screen Section" (0)
[    71.539] (**) |   |-->Monitor "<default monitor>"
[    71.541] (==) No monitor specified for screen "Default Screen Section".
	Using a default monitor configuration.
[    71.541] (==) Automatically adding devices
[    71.542] (==) Automatically enabling devices
[    71.542] (==) Automatically adding GPU devices
[    71.542] (==) Automatically binding GPU devices
[    71.542] (==) Max clients allowed: 256, resource mask: 0x1fffff
[    71.542] (WW) The directory "/usr/share/fonts/X11/cyrillic" does not exist.
[    71.542] 	Entry deleted from font path.
[    71.543] (WW) The directory "/usr/share/fonts/X11/100dpi/" does not exist.
[    71.543] 	Entry deleted from font path.
[    71.543] (WW) The directory "/usr/share/fonts/X11/75dpi/" does not exist.
[    71.543] 	Entry deleted from font path.
[    71.543] (WW) The directory "/usr/share/fonts/X11/100dpi" does not exist.
[    71.543] 	Entry deleted from font path.
[    71.543] (WW) The directory "/usr/share/fonts/X11/75dpi" does not exist.
[    71.543] 	Entry deleted from font path.
[    71.543] (==) FontPath set to:
	/usr/share/fonts/X11/misc,
	/usr/share/fonts/X11/Type1,
	built-ins
[    71.543] (==) ModulePath set to "/usr/lib/xorg/modules"
[    71.544] (II) The server relies on udev to provide the list of input devices.
	If no devices become available, reconfigure udev or disable AutoAddDevices.
[    71.544] (II) Loader magic: 0x55f09f14a020
[    71.544] (II) Module ABI versions:
[    71.545] 	X.Org ANSI C Emulation: 0.4
[    71.545] 	X.Org Video Driver: 24.1
[    71.546] 	X.Org XInput driver : 24.1
[    71.546] 	X.Org Server Extension : 10.0
[    71.548] (++) using VT number 2

[    71.550] (II) systemd-logind: took control of session /org/freedesktop/login1/session/_32
[    71.559] (II) xfree86: Adding drm device (/dev/dri/card0)
[    71.560] (II) systemd-logind: got fd for /dev/dri/card0 226:0 fd 12 paused 0
[    71.574] (--) PCI:*(0@0:2:0) 15ad:0405:15ad:0405 rev 0, Mem @ 0xe0000000/16777216, 0xf0000000/2097152, I/O @ 0x0000d010/16, BIOS @ 0x????????/131072
[    71.577] (II) LoadModule: "glx"
[    71.585] (II) Loading /usr/lib/xorg/modules/extensions/libglx.so
[    71.602] (II) Module glx: vendor="X.Org Foundation"
[    71.602] 	compiled for 1.20.11, module version = 1.0.0
[    71.602] 	ABI class: X.Org Server Extension, version 10.0
[    71.602] (==) Matched vmware as autoconfigured driver 0
[    71.602] (==) Matched modesetting as autoconfigured driver 1
[    71.602] (==) Matched fbdev as autoconfigured driver 2
[    71.602] (==) Matched vesa as autoconfigured driver 3
[    71.603] (==) Assigned the driver to the xf86ConfigLayout
[    71.603] (II) LoadModule: "vmware"
[    71.603] (II) Loading /usr/lib/xorg/modules/drivers/vmware_drv.so
[    72.013] (II) Module vmware: vendor="X.Org Foundation"
[    72.018] 	compiled for 1.20.8, module version = 13.3.0
[    72.021] 	Module class: X.Org Video Driver
[    72.021] 	ABI class: X.Org Video Driver, version 24.1
[    72.021] (II) LoadModule: "modesetting"
[    72.022] (II) Loading /usr/lib/xorg/modules/drivers/modesetting_drv.so
[    72.026] (II) Module modesetting: vendor="X.Org Foundation"
[    72.026] 	compiled for 1.20.11, module version = 1.20.11
[    72.026] 	Module class: X.Org Video Driver
[    72.026] 	ABI class: X.Org Video Driver, version 24.1
[    72.026] (II) LoadModule: "fbdev"
[    72.026] (II) Loading /usr/lib/xorg/modules/drivers/fbdev_drv.so
[    72.029] (II) Module fbdev: vendor="X.Org Foundation"
[    72.029] 	compiled for 1.20.1, module version = 0.5.0
[    72.029] 	Module class: X.Org Video Driver
[    72.029] 	ABI class: X.Org Video Driver, version 24.0
[    72.029] (II) LoadModule: "vesa"
[    72.029] (II) Loading /usr/lib/xorg/modules/drivers/vesa_drv.so
[    72.031] (II) Module vesa: vendor="X.Org Foundation"
[    72.031] 	compiled for 1.20.4, module version = 2.4.0
[    72.031] 	Module class: X.Org Video Driver
[    72.031] 	ABI class: X.Org Video Driver, version 24.0
[    72.031] (II) vmware: driver for VMware SVGA: vmware0405, vmware0710
[    72.032] (II) modesetting: Driver for Modesetting Kernel Drivers: kms
[    72.032] (II) FBDEV: driver for framebuffer: fbdev
[    72.032] (II) VESA: driver for VESA chipsets: vesa
[    72.032] xf86EnableIOPorts: failed to set IOPL for I/O (Operation not permitted)
[    72.032] (WW) Falling back to old probe method for modesetting
[    72.032] (WW) Falling back to old probe method for fbdev
[    72.032] (II) Loading sub module "fbdevhw"
[    72.032] (II) LoadModule: "fbdevhw"
[    72.033] (II) Loading /usr/lib/xorg/modules/libfbdevhw.so
[    72.035] (II) Module fbdevhw: vendor="X.Org Foundation"
[    72.035] 	compiled for 1.20.11, module version = 0.0.2
[    72.035] 	ABI class: X.Org Video Driver, version 24.1
[    72.035] (EE) open /dev/fb0: Permission denied
[    72.035] (WW) VGA arbiter: cannot open kernel arbiter, no multi-card support
[    72.035] (II) vmware(0): Creating default Display subsection in Screen section
	"Default Screen Section" for depth/fbbpp 24/32
[    72.035] (--) vmware(0): DRM driver version is 2.18.0
[    72.035] (==) vmware(0): Depth 24, (--) framebuffer bpp 32
[    72.035] (==) vmware(0): RGB weight 888
[    72.036] (==) vmware(0): Default visual is TrueColor
[    72.036] (--) vmware(0): Min width 1, Max Width 8192.
[    72.036] (--) vmware(0): Min height 1, Max Height 8192.
[    72.041] (II) vmware(0): Output Virtual1 has no monitor section
[    72.042] (II) vmware(0): Output Virtual2 has no monitor section
[    72.042] (II) vmware(0): Output Virtual3 has no monitor section
[    72.042] (II) vmware(0): Output Virtual4 has no monitor section
[    72.042] (II) vmware(0): Output Virtual5 has no monitor section
[    72.043] (II) vmware(0): Output Virtual6 has no monitor section
[    72.043] (II) vmware(0): Output Virtual7 has no monitor section
[    72.045] (II) vmware(0): Output Virtual8 has no monitor section
[    72.046] (II) vmware(0): Printing probed modes for output Virtual1
[    72.046] (II) vmware(0): Modeline "800x600"x60.0   42.75  800 850 900 950  600 650 700 750 -hsync +vsync (45.0 kHz eP)
[    72.046] (II) vmware(0): Modeline "2560x1600"x60.0  348.50  2560 2752 3032 3504  1600 1603 1609 1658 -hsync +vsync (99.5 kHz e)
[    72.046] (II) vmware(0): Modeline "1920x1440"x60.0  234.00  1920 2048 2256 2600  1440 1441 1444 1500 -hsync +vsync (90.0 kHz e)
[    72.046] (II) vmware(0): Modeline "1856x1392"x60.0  218.25  1856 1952 2176 2528  1392 1393 1396 1439 -hsync +vsync (86.3 kHz e)
[    72.046] (II) vmware(0): Modeline "1792x1344"x60.0  204.75  1792 1920 2120 2448  1344 1345 1348 1394 -hsync +vsync (83.6 kHz e)
[    72.046] (II) vmware(0): Modeline "1920x1200"x59.9  193.25  1920 2056 2256 2592  1200 1203 1209 1245 -hsync +vsync (74.6 kHz e)
[    72.046] (II) vmware(0): Modeline "1600x1200"x60.0  162.00  1600 1664 1856 2160  1200 1201 1204 1250 +hsync +vsync (75.0 kHz e)
[    72.046] (II) vmware(0): Modeline "1680x1050"x60.0  146.25  1680 1784 1960 2240  1050 1053 1059 1089 -hsync +vsync (65.3 kHz e)
[    72.046] (II) vmware(0): Modeline "1400x1050"x60.0  121.75  1400 1488 1632 1864  1050 1053 1057 1089 -hsync +vsync (65.3 kHz e)
[    72.047] (II) vmware(0): Modeline "1280x1024"x60.0  108.00  1280 1328 1440 1688  1024 1025 1028 1066 +hsync +vsync (64.0 kHz e)
[    72.047] (II) vmware(0): Modeline "1440x900"x59.9  106.50  1440 1520 1672 1904  900 903 909 934 -hsync +vsync (55.9 kHz e)
[    72.047] (II) vmware(0): Modeline "1280x960"x60.0  108.00  1280 1376 1488 1800  960 961 964 1000 +hsync +vsync (60.0 kHz e)
[    72.047] (II) vmware(0): Modeline "1360x768"x60.0   85.50  1360 1424 1536 1792  768 771 777 795 +hsync +vsync (47.7 kHz e)
[    72.047] (II) vmware(0): Modeline "1280x800"x59.8   83.50  1280 1352 1480 1680  800 803 809 831 +hsync -vsync (49.7 kHz e)
[    72.047] (II) vmware(0): Modeline "1152x864"x75.0  108.00  1152 1216 1344 1600  864 865 868 900 +hsync +vsync (67.5 kHz e)
[    72.047] (II) vmware(0): Modeline "1280x768"x59.9   79.50  1280 1344 1472 1664  768 771 778 798 -hsync +vsync (47.8 kHz e)
[    72.048] (II) vmware(0): Modeline "1024x768"x60.0   65.00  1024 1048 1184 1344  768 771 777 806 -hsync -vsync (48.4 kHz e)
[    72.049] (II) vmware(0): Modeline "800x600"x60.3   40.00  800 840 968 1056  600 601 605 628 +hsync +vsync (37.9 kHz e)
[    72.049] (II) vmware(0): Modeline "640x480"x59.9   25.18  640 656 752 800  480 489 492 525 -hsync -vsync (31.5 kHz e)
[    72.049] (II) vmware(0): EDID for output Virtual2
[    72.049] (II) vmware(0): EDID for output Virtual3
[    72.049] (II) vmware(0): EDID for output Virtual4
[    72.049] (II) vmware(0): EDID for output Virtual5
[    72.049] (II) vmware(0): EDID for output Virtual6
[    72.049] (II) vmware(0): EDID for output Virtual7
[    72.049] (II) vmware(0): EDID for output Virtual8
[    72.050] (II) vmware(0): Output Virtual1 connected
[    72.050] (II) vmware(0): Output Virtual2 disconnected
[    72.050] (II) vmware(0): Output Virtual3 disconnected
[    72.050] (II) vmware(0): Output Virtual4 disconnected
[    72.050] (II) vmware(0): Output Virtual5 disconnected
[    72.050] (II) vmware(0): Output Virtual6 disconnected
[    72.050] (II) vmware(0): Output Virtual7 disconnected
[    72.050] (II) vmware(0): Output Virtual8 disconnected
[    72.050] (II) vmware(0): Using exact sizes for initial modes
[    72.051] (II) vmware(0): Output Virtual1 using initial mode 800x600 +0+0
[    72.051] (==) vmware(0): DPI set to (96, 96)
[    72.051] (==) vmware(0): Using gamma correction (1.0, 1.0, 1.0)
[    72.051] (II) Loading sub module "fb"
[    72.051] (II) LoadModule: "fb"
[    72.052] (II) Loading /usr/lib/xorg/modules/libfb.so
[    72.070] (II) Module fb: vendor="X.Org Foundation"
[    72.070] 	compiled for 1.20.11, module version = 1.0.0
[    72.070] 	ABI class: X.Org ANSI C Emulation, version 0.4
[    72.070] (II) Loading sub module "dri2"
[    72.070] (II) LoadModule: "dri2"
[    72.071] (II) Module "dri2" already built-in
[    72.071] (II) Loading sub module "dri3"
[    72.071] (II) LoadModule: "dri3"
[    72.072] (II) Module "dri3" already built-in
[    72.072] (II) UnloadModule: "modesetting"
[    72.072] (II) Unloading modesetting
[    72.072] (II) UnloadModule: "fbdev"
[    72.072] (II) Unloading fbdev
[    72.072] (II) UnloadSubModule: "fbdevhw"
[    72.072] (II) Unloading fbdevhw
[    72.072] (II) UnloadModule: "vesa"
[    72.072] (II) Unloading vesa
[    72.083] (II) vmware(0): Initialized VMWARE_CTRL extension version 0.2
[    72.099] (WW) vmware(0): Failed to initialize Gallium3D Xa. No render acceleration available.
[    72.099] (WW) vmware(0): Skipped initialization of direct rendering due to lack of render acceleration.
[    72.099] (--) vmware(0): Render acceleration is disabled.
[    72.100] (==) vmware(0): Rendercheck mode is disabled.
[    72.100] (--) vmware(0): Direct rendering (DRI2 3D) is disabled.
[    72.102] (--) vmware(0): Direct rendering (DRI3 3D) is disabled.
[    72.102] (==) vmware(0): Backing store enabled
[    72.102] (==) vmware(0): Silken mouse enabled
[    72.111] (==) vmware(0): DPMS enabled
[    72.111] (II) vmware(0): No 3D acceleration. Not setting up textured video.
[    72.112] (WW) vmware(0): Disabling Xv because no adaptors could be initialized.
[    72.112] (II) Initializing extension Generic Event Extension
[    72.112] (II) Initializing extension SHAPE
[    72.113] (II) Initializing extension MIT-SHM
[    72.115] (II) Initializing extension XInputExtension
[    72.129] (II) Initializing extension XTEST
[    72.129] (II) Initializing extension BIG-REQUESTS
[    72.129] (II) Initializing extension SYNC
[    72.129] (II) Initializing extension XKEYBOARD
[    72.130] (II) Initializing extension XC-MISC
[    72.130] (II) Initializing extension SECURITY
[    72.130] (II) Initializing extension XFIXES
[    72.130] (II) Initializing extension RENDER
[    72.130] (II) Initializing extension RANDR
[    72.131] (II) Initializing extension COMPOSITE
[    72.131] (II) Initializing extension DAMAGE
[    72.131] (II) Initializing extension MIT-SCREEN-SAVER
[    72.132] (II) Initializing extension DOUBLE-BUFFER
[    72.132] (II) Initializing extension RECORD
[    72.133] (II) Initializing extension DPMS
[    72.133] (II) Initializing extension Present
[    72.135] (II) Initializing extension DRI3
[    72.135] (II) Initializing extension X-Resource
[    72.136] (II) Initializing extension XVideo
[    72.138] (II) Initializing extension XVideo-MotionCompensation
[    72.138] (II) Initializing extension SELinux
[    72.138] (II) SELinux: Disabled on system
[    72.138] (II) Initializing extension GLX
[    72.139] (II) AIGLX: Screen 0 is not DRI2 capable
[    72.286] (II) IGLX: Loaded and initialized swrast
[    72.286] (II) GLX: Initialized DRISWRAST GL provider for screen 0
[    72.286] (II) Initializing extension XFree86-VidModeExtension
[    72.287] (II) Initializing extension XFree86-DGA
[    72.287] (II) Initializing extension XFree86-DRI
[    72.287] (II) Initializing extension DRI2
[    72.340] (II) vmware(0): Setting screen physical size to 211 x 158
[    72.463] (II) config/udev: Adding input device Power Button (/dev/input/event0)
[    72.463] (**) Power Button: Applying InputClass "libinput keyboard catchall"
[    72.463] (II) LoadModule: "libinput"
[    72.463] (II) Loading /usr/lib/xorg/modules/input/libinput_drv.so
[    72.469] (II) Module libinput: vendor="X.Org Foundation"
[    72.469] 	compiled for 1.20.4, module version = 0.29.0
[    72.470] 	Module class: X.Org XInput Driver
[    72.470] 	ABI class: X.Org XInput driver, version 24.1
[    72.470] (II) Using input driver 'libinput' for 'Power Button'
[    72.482] (II) systemd-logind: got fd for /dev/input/event0 13:64 fd 20 paused 0
[    72.482] (**) Power Button: always reports core events
[    72.482] (**) Option "Device" "/dev/input/event0"
[    72.482] (**) Option "_source" "server/udev"
[    72.491] (II) event0  - Power Button: is tagged by udev as: Keyboard
[    72.491] (II) event0  - Power Button: device is a keyboard
[    72.491] (II) event0  - Power Button: device removed
[    72.492] (**) Option "config_info" "udev:/sys/devices/LNXSYSTM:00/LNXPWRBN:00/input/input0/event0"
[    72.492] (II) XINPUT: Adding extended input device "Power Button" (type: KEYBOARD, id 6)
[    72.492] (**) Option "xkb_model" "pc105"
[    72.492] (**) Option "xkb_layout" "us"
[    72.501] (II) event0  - Power Button: is tagged by udev as: Keyboard
[    72.501] (II) event0  - Power Button: device is a keyboard
[    72.502] (II) config/udev: Adding input device Sleep Button (/dev/input/event1)
[    72.502] (**) Sleep Button: Applying InputClass "libinput keyboard catchall"
[    72.502] (II) Using input driver 'libinput' for 'Sleep Button'
[    72.505] (II) systemd-logind: got fd for /dev/input/event1 13:65 fd 23 paused 0
[    72.505] (**) Sleep Button: always reports core events
[    72.505] (**) Option "Device" "/dev/input/event1"
[    72.505] (**) Option "_source" "server/udev"
[    72.507] (II) event1  - Sleep Button: is tagged by udev as: Keyboard
[    72.507] (II) event1  - Sleep Button: device is a keyboard
[    72.507] (II) event1  - Sleep Button: device removed
[    72.507] (**) Option "config_info" "udev:/sys/devices/LNXSYSTM:00/LNXSLPBN:00/input/input1/event1"
[    72.508] (II) XINPUT: Adding extended input device "Sleep Button" (type: KEYBOARD, id 7)
[    72.508] (**) Option "xkb_model" "pc105"
[    72.508] (**) Option "xkb_layout" "us"
[    72.515] (II) event1  - Sleep Button: is tagged by udev as: Keyboard
[    72.515] (II) event1  - Sleep Button: device is a keyboard
[    72.516] (II) config/udev: Adding input device Video Bus (/dev/input/event3)
[    72.516] (**) Video Bus: Applying InputClass "libinput keyboard catchall"
[    72.518] (II) Using input driver 'libinput' for 'Video Bus'
[    72.519] (II) systemd-logind: got fd for /dev/input/event3 13:67 fd 24 paused 0
[    72.519] (**) Video Bus: always reports core events
[    72.519] (**) Option "Device" "/dev/input/event3"
[    72.519] (**) Option "_source" "server/udev"
[    72.522] (II) event3  - Video Bus: is tagged by udev as: Keyboard
[    72.522] (II) event3  - Video Bus: device is a keyboard
[    72.523] (II) event3  - Video Bus: device removed
[    72.523] (**) Option "config_info" "udev:/sys/devices/LNXSYSTM:00/LNXSYBUS:00/PNP0A03:00/LNXVIDEO:00/input/input4/event3"
[    72.523] (II) XINPUT: Adding extended input device "Video Bus" (type: KEYBOARD, id 8)
[    72.523] (**) Option "xkb_model" "pc105"
[    72.523] (**) Option "xkb_layout" "us"
[    72.530] (II) event3  - Video Bus: is tagged by udev as: Keyboard
[    72.530] (II) event3  - Video Bus: device is a keyboard
[    72.532] (II) config/udev: Adding input device VirtualBox mouse integration (/dev/input/event6)
[    72.533] (**) VirtualBox mouse integration: Applying InputClass "libinput pointer catchall"
[    72.534] (II) Using input driver 'libinput' for 'VirtualBox mouse integration'
[    72.535] (II) systemd-logind: got fd for /dev/input/event6 13:70 fd 25 paused 0
[    72.535] (**) VirtualBox mouse integration: always reports core events
[    72.536] (**) Option "Device" "/dev/input/event6"
[    72.536] (**) Option "_source" "server/udev"
[    72.538] (II) event6  - VirtualBox mouse integration: is tagged by udev as: Mouse
[    72.538] (II) event6  - VirtualBox mouse integration: device is a pointer
[    72.540] (II) event6  - VirtualBox mouse integration: device removed
[    72.541] (**) Option "config_info" "udev:/sys/devices/pci0000:00/0000:00:04.0/input/input7/event6"
[    72.541] (II) XINPUT: Adding extended input device "VirtualBox mouse integration" (type: MOUSE, id 9)
[    72.542] (**) Option "AccelerationScheme" "none"
[    72.542] (**) VirtualBox mouse integration: (accel) selected scheme none/0
[    72.542] (**) VirtualBox mouse integration: (accel) acceleration factor: 2.000
[    72.542] (**) VirtualBox mouse integration: (accel) acceleration threshold: 4
[    72.544] (II) event6  - VirtualBox mouse integration: is tagged by udev as: Mouse
[    72.545] (II) event6  - VirtualBox mouse integration: device is a pointer
[    72.548] (II) config/udev: Adding input device VirtualBox mouse integration (/dev/input/js1)
[    72.548] (II) No input driver specified, ignoring this device.
[    72.548] (II) This device may have been added with another device file.
[    72.548] (II) config/udev: Adding input device VirtualBox mouse integration (/dev/input/mouse2)
[    72.549] (II) No input driver specified, ignoring this device.
[    72.549] (II) This device may have been added with another device file.
[    72.553] (II) config/udev: Adding input device VirtualBox USB Tablet (/dev/input/event5)
[    72.554] (**) VirtualBox USB Tablet: Applying InputClass "libinput pointer catchall"
[    72.554] (II) Using input driver 'libinput' for 'VirtualBox USB Tablet'
[    72.614] (II) systemd-logind: got fd for /dev/input/event5 13:69 fd 26 paused 0
[    72.614] (**) VirtualBox USB Tablet: always reports core events
[    72.614] (**) Option "Device" "/dev/input/event5"
[    72.614] (**) Option "_source" "server/udev"
[    72.616] (II) event5  - VirtualBox USB Tablet: is tagged by udev as: Mouse
[    72.616] (II) event5  - VirtualBox USB Tablet: device is a pointer
[    72.616] (II) event5  - VirtualBox USB Tablet: device removed
[    72.616] (**) Option "config_info" "udev:/sys/devices/pci0000:00/0000:00:06.0/usb1/1-1/1-1:1.0/0003:80EE:0021.0001/input/input6/event5"
[    72.616] (II) XINPUT: Adding extended input device "VirtualBox USB Tablet" (type: MOUSE, id 10)
[    72.616] (**) Option "AccelerationScheme" "none"
[    72.616] (**) VirtualBox USB Tablet: (accel) selected scheme none/0
[    72.616] (**) VirtualBox USB Tablet: (accel) acceleration factor: 2.000
[    72.616] (**) VirtualBox USB Tablet: (accel) acceleration threshold: 4
[    72.624] (II) event5  - VirtualBox USB Tablet: is tagged by udev as: Mouse
[    72.626] (II) event5  - VirtualBox USB Tablet: device is a pointer
[    72.632] (II) config/udev: Adding input device VirtualBox USB Tablet (/dev/input/js0)
[    72.634] (II) No input driver specified, ignoring this device.
[    72.634] (II) This device may have been added with another device file.
[    72.638] (II) config/udev: Adding input device VirtualBox USB Tablet (/dev/input/mouse1)
[    72.638] (II) No input driver specified, ignoring this device.
[    72.638] (II) This device may have been added with another device file.
[    72.641] (II) config/udev: Adding input device AT Translated Set 2 keyboard (/dev/input/event2)
[    72.641] (**) AT Translated Set 2 keyboard: Applying InputClass "libinput keyboard catchall"
[    72.641] (II) Using input driver 'libinput' for 'AT Translated Set 2 keyboard'
[    72.644] (II) systemd-logind: got fd for /dev/input/event2 13:66 fd 27 paused 0
[    72.644] (**) AT Translated Set 2 keyboard: always reports core events
[    72.644] (**) Option "Device" "/dev/input/event2"
[    72.644] (**) Option "_source" "server/udev"
[    72.655] (II) event2  - AT Translated Set 2 keyboard: is tagged by udev as: Keyboard
[    72.655] (II) event2  - AT Translated Set 2 keyboard: device is a keyboard
[    72.657] (II) event2  - AT Translated Set 2 keyboard: device removed
[    72.657] (**) Option "config_info" "udev:/sys/devices/platform/i8042/serio0/input/input2/event2"
[    72.658] (II) XINPUT: Adding extended input device "AT Translated Set 2 keyboard" (type: KEYBOARD, id 11)
[    72.658] (**) Option "xkb_model" "pc105"
[    72.658] (**) Option "xkb_layout" "us"
[    72.663] (II) event2  - AT Translated Set 2 keyboard: is tagged by udev as: Keyboard
[    72.666] (II) event2  - AT Translated Set 2 keyboard: device is a keyboard
[    72.674] (II) config/udev: Adding input device ImExPS/2 Generic Explorer Mouse (/dev/input/event4)
[    72.674] (**) ImExPS/2 Generic Explorer Mouse: Applying InputClass "libinput pointer catchall"
[    72.674] (II) Using input driver 'libinput' for 'ImExPS/2 Generic Explorer Mouse'
[    72.678] (II) systemd-logind: got fd for /dev/input/event4 13:68 fd 28 paused 0
[    72.678] (**) ImExPS/2 Generic Explorer Mouse: always reports core events
[    72.678] (**) Option "Device" "/dev/input/event4"
[    72.678] (**) Option "_source" "server/udev"
[    72.681] (II) event4  - ImExPS/2 Generic Explorer Mouse: is tagged by udev as: Mouse
[    72.682] (II) event4  - ImExPS/2 Generic Explorer Mouse: device is a pointer
[    72.682] (II) event4  - ImExPS/2 Generic Explorer Mouse: device removed
[    72.683] (**) Option "config_info" "udev:/sys/devices/platform/i8042/serio1/input/input5/event4"
[    72.683] (II) XINPUT: Adding extended input device "ImExPS/2 Generic Explorer Mouse" (type: MOUSE, id 12)
[    72.683] (**) Option "AccelerationScheme" "none"
[    72.684] (**) ImExPS/2 Generic Explorer Mouse: (accel) selected scheme none/0
[    72.684] (**) ImExPS/2 Generic Explorer Mouse: (accel) acceleration factor: 2.000
[    72.684] (**) ImExPS/2 Generic Explorer Mouse: (accel) acceleration threshold: 4
[    72.693] (II) event4  - ImExPS/2 Generic Explorer Mouse: is tagged by udev as: Mouse
[    72.696] (II) event4  - ImExPS/2 Generic Explorer Mouse: device is a pointer
[    72.697] (II) config/udev: Adding input device ImExPS/2 Generic Explorer Mouse (/dev/input/mouse0)
[    72.697] (II) No input driver specified, ignoring this device.
[    72.698] (II) This device may have been added with another device file.
